Current directory: /Users/munchong/Desktop/MoneyLion/MoneyLion_ML_take_home_test
Git pull completed at Sat Jun 29 17:08:47 +08 2024
Finished generating synthetic dataset
Finished training model

To track the changes with git, run:

	git add data/raw.dvc

To enable auto staging, run:

	dvc config core.autostage true

To track the changes with git, run:

	git add data/processed.dvc

To enable auto staging, run:

	dvc config core.autostage true

To track the changes with git, run:

	git add models.dvc

To enable auto staging, run:

	dvc config core.autostage true
Current directory: /app
Git pull completed at Sat Jun 29 10:05:52 UTC 2024
Finished generating synthetic dataset
Finished training model
ERROR: output 'data/raw' does not exist: [Errno 2] No such file or directory: '/app/data/raw'
ERROR: output 'data/processed' does not exist: [Errno 2] No such file or directory: '/app/data/processed'

To track the changes with git, run:

	git add models.dvc

To enable auto staging, run:

	dvc config core.autostage true
Current directory: /app
Git pull completed at Sat Jun 29 10:31:25 UTC 2024
Finished generating synthetic dataset
Finished training model

To track the changes with git, run:

	git add data/raw.dvc

To enable auto staging, run:

	dvc config core.autostage true

To track the changes with git, run:

	git add data/processed.dvc

To enable auto staging, run:

	dvc config core.autostage true

To track the changes with git, run:

	git add models.dvc

To enable auto staging, run:

	dvc config core.autostage true
